<?xml version="1.0" encoding="UTF-8"?>
<!-- Generated by org.testng.reporters.JUnitReportReporter -->
<testsuite hostname="ACW-Lap-031" failures="0" tests="3" name="FirstMaven.MavenProject.SeleniumTest" time="11.965" errors="0" timestamp="2024-05-02T14:45:20 IST" skipped="0">
  <testcase classname="FirstMaven.MavenProject.SeleniumTest" name="login" time="6.589"/>
  <testcase classname="FirstMaven.MavenProject.SeleniumTest" name="Logout" time="0.014"/>
  <testcase classname="FirstMaven.MavenProject.SeleniumTest" name="test" time="5.362"/>
</testsuite> <!-- FirstMaven.MavenProject.SeleniumTest -->
